<?xml version="1.0" encoding="UTF-8"?>
<!-- Generated by org.testng.reporters.JUnitXMLReporter -->
<testsuite ignored="9" hostname="COOLLAPTOP" failures="0" tests="1" name="Default test" time="9.516" errors="0" timestamp="2024-10-25T21:58:27 EDT">
  <testcase classname="Salesforce_POM.Ten_Salesforce_POMTests" name="TC1" time="6.515"/>
  <testcase classname="Salesforce_POM.Ten_Salesforce_POMTests" name="TC17" time="0.0">
    <ignored/>
  </testcase> <!-- TC17 -->
  <testcase classname="Salesforce_POM.Ten_Salesforce_POMTests" name="TC3" time="0.0">
    <ignored/>
  </testcase> <!-- TC3 -->
  <testcase classname="Salesforce_POM.Ten_Salesforce_POMTests" name="TC18" time="0.0">
    <ignored/>
  </testcase> <!-- TC18 -->
  <testcase classname="Salesforce_POM.Ten_Salesforce_POMTests" name="TC8" time="0.0">
    <ignored/>
  </testcase> <!-- TC8 -->
  <testcase classname="Salesforce_POM.Ten_Salesforce_POMTests" name="TC9" time="0.0">
    <ignored/>
  </testcase> <!-- TC9 -->
  <testcase classname="Salesforce_POM.Ten_Salesforce_POMTests" name="TC20" time="0.0">
    <ignored/>
  </testcase> <!-- TC20 -->
  <testcase classname="Salesforce_POM.Ten_Salesforce_POMTests" name="TC21" time="0.0">
    <ignored/>
  </testcase> <!-- TC21 -->
  <testcase classname="Salesforce_POM.Ten_Salesforce_POMTests" name="TC2" time="0.0">
    <ignored/>
  </testcase> <!-- TC2 -->
  <testcase classname="Salesforce_POM.Ten_Salesforce_POMTests" name="TC15" time="0.0">
    <ignored/>
  </testcase> <!-- TC15 -->
</testsuite> <!-- Default test -->
